mode: set
pharm-stock/controllers/transaction.go:29.110,33.2 1 0
pharm-stock/controllers/transaction.go:36.72,37.36 1 0
pharm-stock/controllers/transaction.go:37.36,39.48 2 0
pharm-stock/controllers/transaction.go:43.3,48.17 5 0
pharm-stock/controllers/transaction.go:52.3,60.105 8 0
pharm-stock/controllers/transaction.go:39.48,41.4 1 0
pharm-stock/controllers/transaction.go:48.17,50.4 1 0
pharm-stock/controllers/transaction.go:65.72,66.36 1 0
pharm-stock/controllers/transaction.go:66.36,72.17 4 0
pharm-stock/controllers/transaction.go:76.3,76.92 1 0
pharm-stock/controllers/transaction.go:72.17,74.4 1 0
pharm-stock/controllers/transaction.go:81.72,82.36 1 0
pharm-stock/controllers/transaction.go:82.36,87.22 5 0
pharm-stock/controllers/transaction.go:91.3,91.103 1 0
pharm-stock/controllers/transaction.go:87.22,89.4 1 0
pharm-stock/controllers/user.go:36.86,40.2 1 1
pharm-stock/controllers/user.go:43.53,44.36 1 1
pharm-stock/controllers/user.go:44.36,47.48 2 0
pharm-stock/controllers/user.go:51.3,52.17 2 0
pharm-stock/controllers/user.go:56.3,57.21 2 0
pharm-stock/controllers/user.go:61.3,62.21 2 0
pharm-stock/controllers/user.go:66.3,73.77 7 0
pharm-stock/controllers/user.go:47.48,49.4 1 0
pharm-stock/controllers/user.go:52.17,54.4 1 0
pharm-stock/controllers/user.go:57.21,59.4 1 0
pharm-stock/controllers/user.go:62.21,64.4 1 0
pharm-stock/controllers/user.go:78.58,79.36 1 0
pharm-stock/controllers/user.go:79.36,82.42 2 0
pharm-stock/controllers/user.go:129.3,129.92 1 0
pharm-stock/controllers/user.go:82.42,86.11 3 0
pharm-stock/controllers/user.go:90.4,90.31 1 0
pharm-stock/controllers/user.go:94.4,95.49 2 0
pharm-stock/controllers/user.go:99.4,100.22 2 0
pharm-stock/controllers/user.go:104.4,113.18 9 0
pharm-stock/controllers/user.go:117.4,127.105 10 0
pharm-stock/controllers/user.go:86.11,88.5 1 0
pharm-stock/controllers/user.go:90.31,92.5 1 0
pharm-stock/controllers/user.go:95.49,97.5 1 0
pharm-stock/controllers/user.go:100.22,102.5 1 0
pharm-stock/controllers/user.go:113.18,115.5 1 0
pharm-stock/controllers/user.go:134.59,135.36 1 0
pharm-stock/controllers/user.go:135.36,138.42 2 0
pharm-stock/controllers/user.go:163.3,163.92 1 0
pharm-stock/controllers/user.go:138.42,140.18 2 0
pharm-stock/controllers/user.go:144.4,145.11 2 0
pharm-stock/controllers/user.go:149.4,149.31 1 0
pharm-stock/controllers/user.go:153.4,157.18 4 0
pharm-stock/controllers/user.go:161.4,161.85 1 0
pharm-stock/controllers/user.go:140.18,142.5 1 0
pharm-stock/controllers/user.go:145.11,147.5 1 0
pharm-stock/controllers/user.go:149.31,151.5 1 0
pharm-stock/controllers/user.go:157.18,159.5 1 0
pharm-stock/controllers/user.go:168.58,169.36 1 0
pharm-stock/controllers/user.go:169.36,172.42 2 0
pharm-stock/controllers/user.go:214.3,214.92 1 0
pharm-stock/controllers/user.go:172.42,174.18 2 0
pharm-stock/controllers/user.go:178.4,179.11 2 0
pharm-stock/controllers/user.go:183.4,183.31 1 0
pharm-stock/controllers/user.go:187.4,189.49 3 0
pharm-stock/controllers/user.go:193.4,196.18 3 0
pharm-stock/controllers/user.go:200.4,212.94 12 0
pharm-stock/controllers/user.go:174.18,176.5 1 0
pharm-stock/controllers/user.go:179.11,181.5 1 0
pharm-stock/controllers/user.go:183.31,185.5 1 0
pharm-stock/controllers/user.go:189.49,191.5 1 0
pharm-stock/controllers/user.go:196.18,198.5 1 0
pharm-stock/controllers/user.go:219.58,220.36 1 0
pharm-stock/controllers/user.go:220.36,223.42 2 0
pharm-stock/controllers/user.go:246.3,246.92 1 0
pharm-stock/controllers/user.go:223.42,225.18 2 0
pharm-stock/controllers/user.go:229.4,230.11 2 0
pharm-stock/controllers/user.go:234.4,234.31 1 0
pharm-stock/controllers/user.go:237.4,240.16 3 0
pharm-stock/controllers/user.go:244.4,244.83 1 0
pharm-stock/controllers/user.go:225.18,227.5 1 0
pharm-stock/controllers/user.go:230.11,232.5 1 0
pharm-stock/controllers/user.go:234.31,236.5 1 0
pharm-stock/controllers/user.go:240.16,242.5 1 0
pharm-stock/controllers/user.go:251.59,252.36 1 0
pharm-stock/controllers/user.go:252.36,255.42 2 0
pharm-stock/controllers/user.go:280.3,280.92 1 0
pharm-stock/controllers/user.go:255.42,257.18 2 0
pharm-stock/controllers/user.go:261.4,262.11 2 0
pharm-stock/controllers/user.go:266.4,266.31 1 0
pharm-stock/controllers/user.go:270.4,274.23 5 0
pharm-stock/controllers/user.go:278.4,278.86 1 0
pharm-stock/controllers/user.go:257.18,259.5 1 0
pharm-stock/controllers/user.go:262.11,264.5 1 0
pharm-stock/controllers/user.go:266.31,268.5 1 0
pharm-stock/controllers/user.go:274.23,276.5 1 0
pharm-stock/controllers/user.go:286.59,287.36 1 0
pharm-stock/controllers/user.go:287.36,289.48 2 0
pharm-stock/controllers/user.go:293.3,294.17 2 0
pharm-stock/controllers/user.go:298.3,307.17 9 0
pharm-stock/controllers/user.go:311.3,321.107 10 0
pharm-stock/controllers/user.go:289.48,291.4 1 0
pharm-stock/controllers/user.go:294.17,296.4 1 0
pharm-stock/controllers/user.go:307.17,309.4 1 0
pharm-stock/controllers/cat_product.go:33.107,37.2 1 0
pharm-stock/controllers/cat_product.go:40.71,41.36 1 0
pharm-stock/controllers/cat_product.go:41.36,44.42 2 0
pharm-stock/controllers/cat_product.go:79.3,79.92 1 0
pharm-stock/controllers/cat_product.go:44.42,46.18 2 0
pharm-stock/controllers/cat_product.go:50.4,51.11 2 0
pharm-stock/controllers/cat_product.go:55.4,55.31 1 0
pharm-stock/controllers/cat_product.go:59.4,60.49 2 0
pharm-stock/controllers/cat_product.go:64.4,68.18 4 0
pharm-stock/controllers/cat_product.go:72.4,77.111 5 0
pharm-stock/controllers/cat_product.go:46.18,48.5 1 0
pharm-stock/controllers/cat_product.go:51.11,53.5 1 0
pharm-stock/controllers/cat_product.go:55.31,57.5 1 0
pharm-stock/controllers/cat_product.go:60.49,62.5 1 0
pharm-stock/controllers/cat_product.go:68.18,70.5 1 0
pharm-stock/controllers/cat_product.go:84.71,85.36 1 0
pharm-stock/controllers/cat_product.go:85.36,90.17 4 0
pharm-stock/controllers/cat_product.go:94.3,94.97 1 0
pharm-stock/controllers/cat_product.go:90.17,92.4 1 0
pharm-stock/controllers/cat_product.go:99.71,100.36 1 0
pharm-stock/controllers/cat_product.go:100.36,103.42 2 0
pharm-stock/controllers/cat_product.go:139.3,139.92 1 0
pharm-stock/controllers/cat_product.go:103.42,105.18 2 0
pharm-stock/controllers/cat_product.go:109.4,110.11 2 0
pharm-stock/controllers/cat_product.go:114.4,114.31 1 0
pharm-stock/controllers/cat_product.go:118.4,120.49 3 0
pharm-stock/controllers/cat_product.go:124.4,127.18 3 0
pharm-stock/controllers/cat_product.go:131.4,137.94 6 0
pharm-stock/controllers/cat_product.go:105.18,107.5 1 0
pharm-stock/controllers/cat_product.go:110.11,112.5 1 0
pharm-stock/controllers/cat_product.go:114.31,116.5 1 0
pharm-stock/controllers/cat_product.go:120.49,122.5 1 0
pharm-stock/controllers/cat_product.go:127.18,129.5 1 0
pharm-stock/controllers/cat_product.go:144.71,145.36 1 0
pharm-stock/controllers/cat_product.go:145.36,148.42 2 0
pharm-stock/controllers/cat_product.go:172.3,172.92 1 0
pharm-stock/controllers/cat_product.go:148.42,150.18 2 0
pharm-stock/controllers/cat_product.go:154.4,155.11 2 0
pharm-stock/controllers/cat_product.go:159.4,159.31 1 0
pharm-stock/controllers/cat_product.go:163.4,166.16 3 0
pharm-stock/controllers/cat_product.go:170.4,170.95 1 0
pharm-stock/controllers/cat_product.go:150.18,152.5 1 0
pharm-stock/controllers/cat_product.go:155.11,157.5 1 0
pharm-stock/controllers/cat_product.go:159.31,161.5 1 0
pharm-stock/controllers/cat_product.go:166.16,168.5 1 0
pharm-stock/controllers/cat_product.go:177.71,178.36 1 0
pharm-stock/controllers/cat_product.go:178.36,183.22 5 0
pharm-stock/controllers/cat_product.go:187.3,187.102 1 0
pharm-stock/controllers/cat_product.go:183.22,185.4 1 0
pharm-stock/controllers/detail_transaction.go:29.128,33.2 1 0
pharm-stock/controllers/detail_transaction.go:36.85,37.36 1 0
pharm-stock/controllers/detail_transaction.go:37.36,39.48 2 0
pharm-stock/controllers/detail_transaction.go:43.3,49.17 6 0
pharm-stock/controllers/detail_transaction.go:53.3,61.112 8 0
pharm-stock/controllers/detail_transaction.go:39.48,41.4 1 0
pharm-stock/controllers/detail_transaction.go:49.17,51.4 1 0
pharm-stock/controllers/detail_transaction.go:66.85,67.36 1 0
pharm-stock/controllers/detail_transaction.go:67.36,73.17 4 0
pharm-stock/controllers/detail_transaction.go:77.3,77.99 1 0
pharm-stock/controllers/detail_transaction.go:73.17,75.4 1 0
pharm-stock/controllers/detail_transaction.go:82.85,83.36 1 0
pharm-stock/controllers/detail_transaction.go:83.36,88.22 5 0
pharm-stock/controllers/detail_transaction.go:92.3,92.109 1 0
pharm-stock/controllers/detail_transaction.go:88.22,90.4 1 0
pharm-stock/controllers/distributor.go:33.108,37.2 1 0
pharm-stock/controllers/distributor.go:40.72,41.36 1 0
pharm-stock/controllers/distributor.go:41.36,44.42 2 0
pharm-stock/controllers/distributor.go:79.3,79.92 1 0
pharm-stock/controllers/distributor.go:44.42,46.18 2 0
pharm-stock/controllers/distributor.go:50.4,51.11 2 0
pharm-stock/controllers/distributor.go:55.4,55.31 1 0
pharm-stock/controllers/distributor.go:59.4,60.49 2 0
pharm-stock/controllers/distributor.go:64.4,68.18 4 0
pharm-stock/controllers/distributor.go:72.4,77.106 5 0
pharm-stock/controllers/distributor.go:46.18,48.5 1 0
pharm-stock/controllers/distributor.go:51.11,53.5 1 0
pharm-stock/controllers/distributor.go:55.31,57.5 1 0
pharm-stock/controllers/distributor.go:60.49,62.5 1 0
pharm-stock/controllers/distributor.go:68.18,70.5 1 0
pharm-stock/controllers/distributor.go:84.72,85.36 1 0
pharm-stock/controllers/distributor.go:85.36,90.17 4 0
pharm-stock/controllers/distributor.go:94.3,94.92 1 0
pharm-stock/controllers/distributor.go:90.17,92.4 1 0
pharm-stock/controllers/distributor.go:99.72,100.36 1 0
pharm-stock/controllers/distributor.go:100.36,103.42 2 0
pharm-stock/controllers/distributor.go:139.3,139.92 1 0
pharm-stock/controllers/distributor.go:103.42,105.18 2 0
pharm-stock/controllers/distributor.go:109.4,110.11 2 0
pharm-stock/controllers/distributor.go:114.4,114.31 1 0
pharm-stock/controllers/distributor.go:118.4,120.49 3 0
pharm-stock/controllers/distributor.go:124.4,127.18 3 0
pharm-stock/controllers/distributor.go:131.4,137.94 6 0
pharm-stock/controllers/distributor.go:105.18,107.5 1 0
pharm-stock/controllers/distributor.go:110.11,112.5 1 0
pharm-stock/controllers/distributor.go:114.31,116.5 1 0
pharm-stock/controllers/distributor.go:120.49,122.5 1 0
pharm-stock/controllers/distributor.go:127.18,129.5 1 0
pharm-stock/controllers/distributor.go:145.72,146.36 1 0
pharm-stock/controllers/distributor.go:146.36,149.42 2 0
pharm-stock/controllers/distributor.go:172.3,172.92 1 0
pharm-stock/controllers/distributor.go:149.42,151.18 2 0
pharm-stock/controllers/distributor.go:155.4,156.11 2 0
pharm-stock/controllers/distributor.go:160.4,160.31 1 0
pharm-stock/controllers/distributor.go:163.4,166.16 3 0
pharm-stock/controllers/distributor.go:170.4,170.90 1 0
pharm-stock/controllers/distributor.go:151.18,153.5 1 0
pharm-stock/controllers/distributor.go:156.11,158.5 1 0
pharm-stock/controllers/distributor.go:160.31,162.5 1 0
pharm-stock/controllers/distributor.go:166.16,168.5 1 0
pharm-stock/controllers/distributor.go:177.72,178.36 1 0
pharm-stock/controllers/distributor.go:178.36,183.22 5 0
pharm-stock/controllers/distributor.go:187.3,187.103 1 0
pharm-stock/controllers/distributor.go:183.22,185.4 1 0
pharm-stock/controllers/product.go:34.98,38.2 1 0
pharm-stock/controllers/product.go:41.64,42.36 1 0
pharm-stock/controllers/product.go:42.36,45.42 2 0
pharm-stock/controllers/product.go:125.3,125.92 1 0
pharm-stock/controllers/product.go:45.42,47.18 2 0
pharm-stock/controllers/product.go:51.4,52.11 2 0
pharm-stock/controllers/product.go:56.4,56.31 1 0
pharm-stock/controllers/product.go:60.4,61.49 2 0
pharm-stock/controllers/product.go:65.4,66.21 2 0
pharm-stock/controllers/product.go:70.4,71.22 2 0
pharm-stock/controllers/product.go:74.4,77.24 3 0
pharm-stock/controllers/product.go:81.4,83.14 3 0
pharm-stock/controllers/product.go:87.4,88.20 2 0
pharm-stock/controllers/product.go:92.4,105.18 13 0
pharm-stock/controllers/product.go:109.4,123.102 14 0
pharm-stock/controllers/product.go:47.18,49.5 1 0
pharm-stock/controllers/product.go:52.11,54.5 1 0
pharm-stock/controllers/product.go:56.31,58.5 1 0
pharm-stock/controllers/product.go:61.49,63.5 1 0
pharm-stock/controllers/product.go:66.21,68.5 1 0
pharm-stock/controllers/product.go:71.22,73.5 1 0
pharm-stock/controllers/product.go:77.24,79.5 1 0
pharm-stock/controllers/product.go:83.14,85.5 1 0
pharm-stock/controllers/product.go:88.20,90.5 1 0
pharm-stock/controllers/product.go:105.18,107.5 1 0
pharm-stock/controllers/product.go:130.64,131.36 1 0
pharm-stock/controllers/product.go:131.36,137.17 4 0
pharm-stock/controllers/product.go:141.3,141.88 1 0
pharm-stock/controllers/product.go:137.17,139.4 1 0
pharm-stock/controllers/product.go:146.64,147.36 1 0
pharm-stock/controllers/product.go:147.36,150.42 2 0
pharm-stock/controllers/product.go:195.3,195.92 1 0
pharm-stock/controllers/product.go:150.42,152.18 2 0
pharm-stock/controllers/product.go:156.4,157.11 2 0
pharm-stock/controllers/product.go:161.4,161.31 1 0
pharm-stock/controllers/product.go:165.4,167.49 3 0
pharm-stock/controllers/product.go:171.4,174.18 3 0
pharm-stock/controllers/product.go:178.4,193.94 15 0
pharm-stock/controllers/product.go:152.18,154.5 1 0
pharm-stock/controllers/product.go:157.11,159.5 1 0
pharm-stock/controllers/product.go:161.31,163.5 1 0
pharm-stock/controllers/product.go:167.49,169.5 1 0
pharm-stock/controllers/product.go:174.18,176.5 1 0
pharm-stock/controllers/product.go:200.64,201.36 1 0
pharm-stock/controllers/product.go:201.36,206.17 5 0
pharm-stock/controllers/product.go:210.3,210.99 1 0
pharm-stock/controllers/product.go:206.17,208.4 1 0
pharm-stock/controllers/req_product.go:32.107,36.2 1 0
pharm-stock/controllers/req_product.go:39.71,40.36 1 0
pharm-stock/controllers/req_product.go:40.36,43.42 2 0
pharm-stock/controllers/req_product.go:85.3,85.92 1 0
pharm-stock/controllers/req_product.go:43.42,45.18 2 0
pharm-stock/controllers/req_product.go:49.4,50.11 2 0
pharm-stock/controllers/req_product.go:54.4,54.26 1 0
pharm-stock/controllers/req_product.go:58.4,59.49 2 0
pharm-stock/controllers/req_product.go:63.4,70.18 7 0
pharm-stock/controllers/req_product.go:74.4,83.110 9 0
pharm-stock/controllers/req_product.go:45.18,47.5 1 0
pharm-stock/controllers/req_product.go:50.11,52.5 1 0
pharm-stock/controllers/req_product.go:54.26,56.5 1 0
pharm-stock/controllers/req_product.go:59.49,61.5 1 0
pharm-stock/controllers/req_product.go:70.18,72.5 1 0
pharm-stock/controllers/req_product.go:90.71,91.36 1 0
pharm-stock/controllers/req_product.go:91.36,96.17 4 0
pharm-stock/controllers/req_product.go:100.3,100.96 1 0
pharm-stock/controllers/req_product.go:96.17,98.4 1 0
pharm-stock/controllers/req_product.go:105.71,106.36 1 0
pharm-stock/controllers/req_product.go:106.36,109.42 2 0
pharm-stock/controllers/req_product.go:153.3,153.92 1 0
pharm-stock/controllers/req_product.go:109.42,111.18 2 0
pharm-stock/controllers/req_product.go:115.4,116.11 2 0
pharm-stock/controllers/req_product.go:120.4,120.31 1 0
pharm-stock/controllers/req_product.go:124.4,126.49 3 0
pharm-stock/controllers/req_product.go:130.4,137.18 6 0
pharm-stock/controllers/req_product.go:141.4,151.94 10 0
pharm-stock/controllers/req_product.go:111.18,113.5 1 0
pharm-stock/controllers/req_product.go:116.11,118.5 1 0
pharm-stock/controllers/req_product.go:120.31,122.5 1 0
pharm-stock/controllers/req_product.go:126.49,128.5 1 0
pharm-stock/controllers/req_product.go:137.18,139.5 1 0
pharm-stock/controllers/req_product.go:158.71,159.36 1 0
pharm-stock/controllers/req_product.go:159.36,164.22 5 0
pharm-stock/controllers/req_product.go:168.3,168.102 1 0
pharm-stock/controllers/req_product.go:164.22,166.4 1 0
